<?xml version="1.0" encoding="UTF-8"?>
<!-- Generated by org.testng.reporters.JUnitReportReporter -->
<testsuite skipped="0" hostname="LAPTOP-SJEPL1S8" name="com.Selenium.RestApiTest" tests="2" failures="0" timestamp="2021-07-18T23:11:26 IST" time="0.001" errors="0">
  <testcase name="DeleteTwitter" time="0.001" classname="com.Selenium.RestApiTest"/>
  <system-out/>
  <testcase name="PostJIRA" time="0.000" classname="com.Selenium.RestApiTest"/>
  <system-out/>
</testsuite> <!-- com.Selenium.RestApiTest -->
