<?xml version="1.0" encoding="UTF-8"?>
<!-- Generated by org.testng.reporters.JUnitReportReporter -->
<testsuite skipped="0" hostname="LAPTOP-SJEPL1S8" name="com.Selenium.AppiumTest" tests="2" failures="0" timestamp="2021-07-18T23:11:12 IST" time="0.005" errors="0">
  <testcase name="NativeAndroid" time="0.001" classname="com.Selenium.AppiumTest"/>
  <system-out/>
  <testcase name="IOSApps" time="0.004" classname="com.Selenium.AppiumTest"/>
  <system-out/>
</testsuite> <!-- com.Selenium.AppiumTest -->
