<?xml version="1.0" encoding="UTF-8"?>
<!-- Generated by org.testng.reporters.JUnitReportReporter -->
<testsuite hostname="DESKTOP-4RF4A9B" failures="0" tests="2" name="com.Selenium.AppiumTest" time="0.012" errors="0" timestamp="2021-07-01T23:55:27 IST" skipped="0">
  <testcase classname="com.Selenium.AppiumTest" name="IOSApps" time="0.011"/>
  <system-out/>
  <testcase classname="com.Selenium.AppiumTest" name="NativeAndroid" time="0.001"/>
  <system-out/>
</testsuite> <!-- com.Selenium.AppiumTest -->
