<?xml version="1.0" encoding="UTF-8"?>
<!-- Generated by org.testng.reporters.JUnitReportReporter -->
<testsuite skipped="0" hostname="LAPTOP-SJEPL1S8" name="com.Selenium.SeleniumTest" tests="2" failures="0" timestamp="2021-07-18T23:11:26 IST" time="0.004" errors="0">
  <testcase name="BrowserAutomation" time="0.003" classname="com.Selenium.SeleniumTest"/>
  <system-out/>
  <testcase name="ElementsUI" time="0.001" classname="com.Selenium.SeleniumTest"/>
  <system-out/>
</testsuite> <!-- com.Selenium.SeleniumTest -->
